<?xml version="1.0" encoding="UTF-8"?>
<testng-results skipped="0" failed="0" total="1" passed="1">
  <reporter-output>
  </reporter-output>
  <suite name="Default suite" duration-ms="29477" started-at="2020-12-23T02:50:24Z" finished-at="2020-12-23T02:50:54Z">
    <groups>
    </groups>
    <test name="Default test" duration-ms="29477" started-at="2020-12-23T02:50:24Z" finished-at="2020-12-23T02:50:54Z">
      <class name="rediff.testcases.RediffLoginPF_TC3">
        <test-method status="PASS" signature="loginApp()[pri:0, instance:rediff.testcases.RediffLoginPF_TC3@4678c730]" name="loginApp" duration-ms="29438" started-at="2020-12-23T08:20:24Z" finished-at="2020-12-23T08:20:54Z">
          <reporter-output>
          </reporter-output>
        </test-method> <!-- loginApp -->
      </class> <!-- rediff.testcases.RediffLoginPF_TC3 -->
    </test> <!-- Default test -->
  </suite> <!-- Default suite -->
</testng-results>
